<?xml version="1.0" encoding="UTF-8"?>
<!-- Generated by org.testng.reporters.JUnitReportReporter -->
<testsuite hostname="DESKTOP-I2NH0NP" failures="0" tests="1" name="Com.Test.Test2" time="7.015" errors="0" timestamp="2022-10-18T14:53:55 IST" skipped="0">
  <testcase classname="Com.Test.Test2" name="verifytest2" time="7.015"/>
  <system-out/>
</testsuite> <!-- Com.Test.Test2 -->
