<?xml version="1.0" encoding="UTF-8"?>
<!-- Generated by org.testng.reporters.JUnitReportReporter -->
<testsuite hostname="DESKTOP-I2NH0NP" failures="0" tests="1" name="Com.Test.Test1" time="29.999" errors="0" timestamp="2022-10-18T14:53:55 IST" skipped="0">
  <testcase classname="Com.Test.Test1" name="verifytest1" time="29.999"/>
  <system-out/>
</testsuite> <!-- Com.Test.Test1 -->
